TN:
SF:/Users/wilsonpage/Documents/g/gaia-components/fxos-camera/fxos-camera.js
FN:1,(anonymous_1)
FN:1,(anonymous_2)
FN:1,e
FN:1,s
FN:1,(anonymous_5)
FN:1,(anonymous_6)
FN:3,(anonymous_7)
FN:3,(anonymous_8)
FN:12,(anonymous_9)
FN:22,(anonymous_10)
FN:90,(anonymous_11)
FN:115,(anonymous_12)
FN:121,(anonymous_13)
FN:129,(anonymous_14)
FN:142,(anonymous_15)
FN:159,(anonymous_16)
FN:174,(anonymous_17)
FN:183,(anonymous_18)
FN:188,(anonymous_19)
FN:194,(anonymous_20)
FN:220,getBaseProto
FN:236,createProto
FN:247,(anonymous_23)
FN:275,processCss
FN:280,(anonymous_25)
FN:317,injectGlobalCss
FN:321,(anonymous_27)
FN:332,headReady
FN:333,(anonymous_29)
FN:335,fn
FN:357,injectLightCss
FN:383,toCamelCase
FN:384,replacer
FN:409,setInnerDirAttributes
FN:427,addDirObserver
FN:436,onChanged
FN:451,mixin
FN:459,(anonymous_38)
FN:459,(anonymous_39)
FN:460,(anonymous_40)
FN:460,(anonymous_41)
FN:463,(anonymous_42)
FN:504,(anonymous_43)
FN:510,(anonymous_44)
FN:515,(anonymous_45)
FN:520,(anonymous_46)
FN:524,(anonymous_47)
FN:528,(anonymous_48)
FN:532,(anonymous_49)
FN:536,(anonymous_50)
FN:540,(anonymous_51)
FN:544,(anonymous_52)
FN:548,(anonymous_53)
FN:552,(anonymous_54)
FN:556,(anonymous_55)
FN:560,(anonymous_56)
FN:564,(anonymous_57)
FN:568,(anonymous_58)
FN:574,(anonymous_59)
FN:578,(anonymous_60)
FN:579,(anonymous_61)
FN:588,(anonymous_62)
FN:589,(anonymous_63)
FN:667,Internal
FN:702,(anonymous_65)
FN:714,(anonymous_66)
FN:728,(anonymous_67)
FN:754,(anonymous_68)
FN:781,(anonymous_69)
FN:802,(anonymous_70)
FN:853,(anonymous_71)
FN:868,(anonymous_72)
FN:877,(anonymous_73)
FN:887,(anonymous_74)
FN:901,(anonymous_75)
FN:942,(anonymous_76)
FN:960,(anonymous_77)
FN:977,(anonymous_78)
FN:990,(anonymous_79)
FN:1001,(anonymous_80)
FN:1019,(anonymous_81)
FN:1044,(anonymous_82)
FN:1068,(anonymous_83)
FN:1081,(anonymous_84)
FN:1092,(anonymous_85)
FN:1105,(anonymous_86)
FN:1113,(anonymous_87)
FN:1120,(anonymous_88)
FN:1136,(anonymous_89)
FN:1154,(anonymous_90)
FN:1176,(anonymous_91)
FN:1191,(anonymous_92)
FN:1202,(anonymous_93)
FN:1213,(anonymous_94)
FN:1228,(anonymous_95)
FN:1245,(anonymous_96)
FN:1263,Deferred
FN:1270,pxToPoint
FN:1323,rotatePoint
FN:1339,error
FN:1349,(anonymous_101)
FN:1352,Cookies
FN:1355,(anonymous_103)
FN:1360,(anonymous_104)
FN:1367,(anonymous_105)
FN:1374,(anonymous_106)
FN:1384,(anonymous_107)
FN:1395,(anonymous_108)
FN:1411,DeviceStorage
FN:1417,(anonymous_110)
FN:1438,(anonymous_111)
FN:1443,(anonymous_112)
FN:1452,(anonymous_113)
FN:1469,(anonymous_114)
FN:1488,Focus
FN:1513,(anonymous_116)
FN:1526,(anonymous_117)
FN:1537,(anonymous_118)
FN:1544,(anonymous_119)
FN:1564,(anonymous_120)
FN:1583,(anonymous_121)
FN:1590,(anonymous_122)
FN:1598,(anonymous_123)
FN:1605,(anonymous_124)
FN:1613,(anonymous_125)
FN:1619,(anonymous_126)
FN:1623,(anonymous_127)
FN:1628,(anonymous_128)
FN:1635,(anonymous_129)
FN:1639,(anonymous_130)
FN:1649,(anonymous_131)
FN:1662,(anonymous_132)
FN:1666,(anonymous_133)
FN:1673,(anonymous_134)
FN:1681,(anonymous_135)
FN:1689,(anonymous_136)
FN:1694,(anonymous_137)
FN:1711,(anonymous_138)
FN:1718,(anonymous_139)
FN:1730,hasPointFocus
FN:1735,getMaxFaces
FN:1741,(anonymous_142)
FN:1764,(anonymous_143)
FN:1775,(anonymous_144)
FN:1809,(anonymous_145)
FN:1830,(anonymous_146)
FN:1868,(anonymous_147)
FN:1887,getMP
FN:1900,getAspect
FN:1901,(anonymous_150)
FN:1906,(anonymous_151)
FN:1937,(anonymous_152)
FN:1947,(anonymous_153)
FN:1960,MozCamera
FN:1983,(anonymous_155)
FN:2005,(anonymous_156)
FN:2039,(anonymous_157)
FN:2063,(anonymous_158)
FN:2102,(anonymous_159)
FN:2121,(anonymous_160)
FN:2124,fn
FN:2145,(anonymous_162)
FN:2163,(anonymous_163)
FN:2187,(anonymous_164)
FN:2198,(anonymous_165)
FN:2216,(anonymous_166)
FN:2235,(anonymous_167)
FN:2251,(anonymous_168)
FN:2264,(anonymous_169)
FN:2274,(anonymous_170)
FN:2278,(anonymous_171)
FN:2285,(anonymous_172)
FN:2305,(anonymous_173)
FN:2320,(anonymous_174)
FN:2329,(anonymous_175)
FN:2338,(anonymous_176)
FN:2347,(anonymous_177)
FN:2359,(anonymous_178)
FN:2375,(anonymous_179)
FN:2386,(anonymous_180)
FN:2397,(anonymous_181)
FN:2419,(anonymous_182)
FN:2436,(anonymous_183)
FN:2466,(anonymous_184)
FN:2505,(anonymous_185)
FN:2511,(anonymous_186)
FN:2516,(anonymous_187)
FN:2524,(anonymous_188)
FN:2529,(anonymous_189)
FN:2549,(anonymous_190)
FN:2557,(anonymous_191)
FN:2585,(anonymous_192)
FN:2608,(anonymous_193)
FN:2619,(anonymous_194)
FN:2631,(anonymous_195)
FN:2642,(anonymous_196)
FN:2657,(anonymous_197)
FN:2693,Deferred
FN:2707,error
FN:2721,(anonymous_200)
FN:2741,(anonymous_201)
FN:2777,fillsScreen
FN:2782,(anonymous_203)
FN:2805,Picture
FN:2831,(anonymous_205)
FN:2844,(anonymous_206)
FN:2855,(anonymous_207)
FN:2874,(anonymous_208)
FN:2914,Video
FN:2944,(anonymous_210)
FN:2951,(anonymous_211)
FN:2955,(anonymous_212)
FN:2963,(anonymous_213)
FN:2982,(anonymous_214)
FN:2987,(anonymous_215)
FN:2993,(anonymous_216)
FN:3008,(anonymous_217)
FN:3026,(anonymous_218)
FN:3039,Deferred
FN:3046,(anonymous_220)
FN:3062,Viewfinder
FN:3081,(anonymous_222)
FN:3088,(anonymous_223)
FN:3136,(anonymous_224)
FN:3145,(anonymous_225)
FN:3165,(anonymous_226)
FN:3187,(anonymous_227)
FN:3192,(anonymous_228)
FN:3198,(anonymous_229)
FN:3214,(anonymous_230)
FN:3232,(anonymous_231)
FN:3249,(anonymous_232)
FN:3270,(anonymous_233)
FN:3280,(anonymous_234)
FN:3285,(anonymous_235)
FN:3309,(anonymous_236)
FN:3315,(anonymous_237)
FN:3321,(anonymous_238)
FN:3334,(anonymous_239)
FN:3353,(anonymous_240)
FN:3372,once
FN:3374,cb
FNF:242
FNH:218
FNDA:1,(anonymous_1)
FNDA:1,(anonymous_2)
FNDA:1,e
FNDA:12,s
FNDA:10,(anonymous_5)
FNDA:1,(anonymous_6)
FNDA:1,(anonymous_7)
FNDA:1,(anonymous_8)
FNDA:0,(anonymous_9)
FNDA:1,(anonymous_10)
FNDA:99,(anonymous_11)
FNDA:0,(anonymous_12)
FNDA:99,(anonymous_13)
FNDA:99,(anonymous_14)
FNDA:99,(anonymous_15)
FNDA:0,(anonymous_16)
FNDA:0,(anonymous_17)
FNDA:0,(anonymous_18)
FNDA:0,(anonymous_19)
FNDA:0,(anonymous_20)
FNDA:1,getBaseProto
FNDA:2,createProto
FNDA:1,(anonymous_23)
FNDA:1,processCss
FNDA:1,(anonymous_25)
FNDA:1,injectGlobalCss
FNDA:1,(anonymous_27)
FNDA:1,headReady
FNDA:1,(anonymous_29)
FNDA:0,fn
FNDA:99,injectLightCss
FNDA:0,toCamelCase
FNDA:0,replacer
FNDA:0,setInnerDirAttributes
FNDA:0,addDirObserver
FNDA:0,onChanged
FNDA:3,mixin
FNDA:1,(anonymous_38)
FNDA:1,(anonymous_39)
FNDA:0,(anonymous_40)
FNDA:0,(anonymous_41)
FNDA:1,(anonymous_42)
FNDA:99,(anonymous_43)
FNDA:99,(anonymous_44)
FNDA:99,(anonymous_45)
FNDA:3,(anonymous_46)
FNDA:101,(anonymous_47)
FNDA:14,(anonymous_48)
FNDA:13,(anonymous_49)
FNDA:3,(anonymous_50)
FNDA:0,(anonymous_51)
FNDA:44,(anonymous_52)
FNDA:61,(anonymous_53)
FNDA:2,(anonymous_54)
FNDA:14,(anonymous_55)
FNDA:17,(anonymous_56)
FNDA:3,(anonymous_57)
FNDA:4,(anonymous_58)
FNDA:1,(anonymous_59)
FNDA:322,(anonymous_60)
FNDA:0,(anonymous_61)
FNDA:100,(anonymous_62)
FNDA:2,(anonymous_63)
FNDA:99,Internal
FNDA:99,(anonymous_65)
FNDA:99,(anonymous_66)
FNDA:103,(anonymous_67)
FNDA:202,(anonymous_68)
FNDA:157,(anonymous_69)
FNDA:129,(anonymous_70)
FNDA:26,(anonymous_71)
FNDA:26,(anonymous_72)
FNDA:27,(anonymous_73)
FNDA:35,(anonymous_74)
FNDA:35,(anonymous_75)
FNDA:1,(anonymous_76)
FNDA:14,(anonymous_77)
FNDA:17,(anonymous_78)
FNDA:3,(anonymous_79)
FNDA:4,(anonymous_80)
FNDA:4,(anonymous_81)
FNDA:3,(anonymous_82)
FNDA:6,(anonymous_83)
FNDA:8,(anonymous_84)
FNDA:3,(anonymous_85)
FNDA:9,(anonymous_86)
FNDA:0,(anonymous_87)
FNDA:228,(anonymous_88)
FNDA:51,(anonymous_89)
FNDA:61,(anonymous_90)
FNDA:13,(anonymous_91)
FNDA:1,(anonymous_92)
FNDA:185,(anonymous_93)
FNDA:347,(anonymous_94)
FNDA:3,(anonymous_95)
FNDA:12,(anonymous_96)
FNDA:305,Deferred
FNDA:4,pxToPoint
FNDA:4,rotatePoint
FNDA:3,error
FNDA:1,(anonymous_101)
FNDA:1,Cookies
FNDA:407,(anonymous_103)
FNDA:14,(anonymous_104)
FNDA:384,(anonymous_105)
FNDA:192,(anonymous_106)
FNDA:192,(anonymous_107)
FNDA:1,(anonymous_108)
FNDA:157,DeviceStorage
FNDA:12,(anonymous_110)
FNDA:25,(anonymous_111)
FNDA:1,(anonymous_112)
FNDA:14,(anonymous_113)
FNDA:1,(anonymous_114)
FNDA:157,Focus
FNDA:202,(anonymous_116)
FNDA:169,(anonymous_117)
FNDA:170,(anonymous_118)
FNDA:175,(anonymous_119)
FNDA:16,(anonymous_120)
FNDA:180,(anonymous_121)
FNDA:170,(anonymous_122)
FNDA:173,(anonymous_123)
FNDA:4,(anonymous_124)
FNDA:148,(anonymous_125)
FNDA:157,(anonymous_126)
FNDA:314,(anonymous_127)
FNDA:468,(anonymous_128)
FNDA:314,(anonymous_129)
FNDA:170,(anonymous_130)
FNDA:173,(anonymous_131)
FNDA:341,(anonymous_132)
FNDA:170,(anonymous_133)
FNDA:4,(anonymous_134)
FNDA:186,(anonymous_135)
FNDA:0,(anonymous_136)
FNDA:6,(anonymous_137)
FNDA:1,(anonymous_138)
FNDA:0,(anonymous_139)
FNDA:157,hasPointFocus
FNDA:157,getMaxFaces
FNDA:1,(anonymous_142)
FNDA:124,(anonymous_143)
FNDA:1682,(anonymous_144)
FNDA:1558,(anonymous_145)
FNDA:124,(anonymous_146)
FNDA:1574,(anonymous_147)
FNDA:1682,getMP
FNDA:2496,getAspect
FNDA:9010,(anonymous_150)
FNDA:1,(anonymous_151)
FNDA:125,(anonymous_152)
FNDA:157,(anonymous_153)
FNDA:125,MozCamera
FNDA:125,(anonymous_155)
FNDA:41,(anonymous_156)
FNDA:157,(anonymous_157)
FNDA:129,(anonymous_158)
FNDA:124,(anonymous_159)
FNDA:157,(anonymous_160)
FNDA:157,fn
FNDA:157,(anonymous_162)
FNDA:124,(anonymous_163)
FNDA:124,(anonymous_164)
FNDA:4,(anonymous_165)
FNDA:3,(anonymous_166)
FNDA:17,(anonymous_167)
FNDA:161,(anonymous_168)
FNDA:8,(anonymous_169)
FNDA:165,(anonymous_170)
FNDA:157,(anonymous_171)
FNDA:9,(anonymous_172)
FNDA:7,(anonymous_173)
FNDA:1,(anonymous_174)
FNDA:2,(anonymous_175)
FNDA:5,(anonymous_176)
FNDA:0,(anonymous_177)
FNDA:3,(anonymous_178)
FNDA:2,(anonymous_179)
FNDA:1,(anonymous_180)
FNDA:170,(anonymous_181)
FNDA:37,(anonymous_182)
FNDA:13,(anonymous_183)
FNDA:16,(anonymous_184)
FNDA:127,(anonymous_185)
FNDA:1,(anonymous_186)
FNDA:4,(anonymous_187)
FNDA:2,(anonymous_188)
FNDA:9,(anonymous_189)
FNDA:7,(anonymous_190)
FNDA:125,(anonymous_191)
FNDA:58,(anonymous_192)
FNDA:407,(anonymous_193)
FNDA:14,(anonymous_194)
FNDA:285,(anonymous_195)
FNDA:138,(anonymous_196)
FNDA:61,(anonymous_197)
FNDA:12,Deferred
FNDA:6,error
FNDA:1,(anonymous_200)
FNDA:157,(anonymous_201)
FNDA:310,fillsScreen
FNDA:1,(anonymous_203)
FNDA:12,Picture
FNDA:12,(anonymous_205)
FNDA:12,(anonymous_206)
FNDA:12,(anonymous_207)
FNDA:1,(anonymous_208)
FNDA:14,Video
FNDA:14,(anonymous_210)
FNDA:0,(anonymous_211)
FNDA:43,(anonymous_212)
FNDA:29,(anonymous_213)
FNDA:14,(anonymous_214)
FNDA:1,(anonymous_215)
FNDA:14,(anonymous_216)
FNDA:14,(anonymous_217)
FNDA:14,(anonymous_218)
FNDA:14,Deferred
FNDA:1,(anonymous_220)
FNDA:99,Viewfinder
FNDA:161,(anonymous_222)
FNDA:161,(anonymous_223)
FNDA:347,(anonymous_224)
FNDA:10,(anonymous_225)
FNDA:14,(anonymous_226)
FNDA:2035,(anonymous_227)
FNDA:185,(anonymous_228)
FNDA:185,(anonymous_229)
FNDA:166,(anonymous_230)
FNDA:164,(anonymous_231)
FNDA:161,(anonymous_232)
FNDA:99,(anonymous_233)
FNDA:161,(anonymous_234)
FNDA:161,(anonymous_235)
FNDA:161,(anonymous_236)
FNDA:161,(anonymous_237)
FNDA:0,(anonymous_238)
FNDA:0,(anonymous_239)
FNDA:161,(anonymous_240)
FNDA:209,once
FNDA:209,cb
DA:1,12
DA:3,1
DA:7,1
DA:9,1
DA:10,1
DA:11,1
DA:12,1
DA:22,1
DA:23,1
DA:24,1
DA:29,1
DA:33,1
DA:36,1
DA:39,1
DA:40,0
DA:43,1
DA:45,1
DA:46,1
DA:47,1
DA:49,1
DA:50,1
DA:55,1
DA:56,1
DA:60,1
DA:64,1
DA:65,1
DA:69,1
DA:70,1
DA:73,1
DA:74,1
DA:76,0
DA:77,0
DA:82,1
DA:91,99
DA:92,99
DA:93,99
DA:116,0
DA:117,0
DA:118,0
DA:122,99
DA:123,0
DA:124,0
DA:126,99
DA:130,99
DA:131,0
DA:133,99
DA:143,99
DA:144,99
DA:145,99
DA:146,99
DA:147,99
DA:160,0
DA:161,0
DA:162,0
DA:175,0
DA:176,0
DA:177,0
DA:184,0
DA:185,0
DA:189,0
DA:195,0
DA:196,0
DA:210,1
DA:220,1
DA:221,1
DA:222,0
DA:223,0
DA:236,1
DA:237,2
DA:247,1
DA:248,1
DA:249,1
DA:250,1
DA:258,1
DA:275,1
DA:276,1
DA:277,1
DA:279,1
DA:280,1
DA:281,1
DA:283,1
DA:284,0
DA:289,1
DA:295,1
DA:299,1
DA:317,1
DA:318,1
DA:319,1
DA:320,1
DA:321,1
DA:322,1
DA:332,1
DA:333,1
DA:334,1
DA:335,0
DA:336,0
DA:337,0
DA:357,1
DA:358,99
DA:359,99
DA:361,99
DA:362,99
DA:363,99
DA:364,99
DA:365,99
DA:368,99
DA:383,1
DA:384,0
DA:385,0
DA:394,1
DA:409,1
DA:410,0
DA:411,0
DA:412,0
DA:413,0
DA:427,1
DA:428,0
DA:430,0
DA:431,0
DA:436,1
DA:437,0
DA:451,1
DA:452,3
DA:453,34
DA:455,3
DA:459,1
DA:460,1
DA:461,0
DA:470,1
DA:471,1
DA:472,1
DA:479,2071
DA:486,1
DA:493,99
DA:494,99
DA:501,1
DA:505,99
DA:506,99
DA:507,99
DA:511,99
DA:512,99
DA:516,99
DA:517,99
DA:521,3
DA:525,101
DA:529,14
DA:533,13
DA:537,3
DA:541,0
DA:545,44
DA:549,61
DA:553,2
DA:557,14
DA:561,17
DA:565,3
DA:569,4
DA:574,1
DA:578,322
DA:580,0
DA:581,0
DA:582,0
DA:583,0
DA:584,0
DA:588,100
DA:589,2
DA:667,1
DA:668,99
DA:670,99
DA:671,99
DA:678,99
DA:679,99
DA:680,99
DA:683,99
DA:684,99
DA:687,99
DA:688,99
DA:689,99
DA:690,99
DA:693,1
DA:703,99
DA:704,99
DA:715,99
DA:716,99
DA:729,103
DA:730,103
DA:732,103
DA:733,103
DA:735,103
DA:736,103
DA:737,102
DA:739,102
DA:740,102
DA:755,202
DA:756,103
DA:758,103
DA:759,103
DA:761,103
DA:763,103
DA:764,103
DA:769,0
DA:770,0
DA:782,157
DA:803,129
DA:804,129
DA:807,125
DA:808,0
DA:811,125
DA:813,125
DA:817,125
DA:822,1
DA:826,125
DA:830,124
DA:831,124
DA:836,124
DA:837,0
DA:838,0
DA:841,124
DA:842,124
DA:845,125
DA:854,26
DA:855,26
DA:856,26
DA:857,26
DA:858,26
DA:859,26
DA:869,26
DA:878,27
DA:888,35
DA:902,35
DA:903,35
DA:904,34
DA:906,34
DA:907,34
DA:908,34
DA:911,34
DA:912,34
DA:920,2
DA:921,1
DA:924,33
DA:925,33
DA:943,1
DA:944,1
DA:945,1
DA:961,14
DA:963,14
DA:964,13
DA:978,17
DA:980,17
DA:981,16
DA:991,3
DA:992,3
DA:1002,4
DA:1004,4
DA:1005,4
DA:1014,4
DA:1020,4
DA:1021,4
DA:1023,4
DA:1024,4
DA:1026,4
DA:1027,4
DA:1030,4
DA:1032,4
DA:1033,4
DA:1037,3
DA:1038,3
DA:1039,3
DA:1045,3
DA:1046,3
DA:1048,3
DA:1049,3
DA:1051,3
DA:1052,3
DA:1055,3
DA:1057,3
DA:1058,3
DA:1062,1
DA:1063,1
DA:1064,1
DA:1069,6
DA:1070,6
DA:1071,6
DA:1072,6
DA:1073,6
DA:1082,8
DA:1083,8
DA:1084,8
DA:1093,3
DA:1094,3
DA:1095,3
DA:1096,3
DA:1097,3
DA:1106,9
DA:1107,9
DA:1108,9
DA:1109,9
DA:1110,9
DA:1121,228
DA:1122,125
DA:1123,125
DA:1125,125
DA:1126,125
DA:1137,51
DA:1139,51
DA:1140,0
DA:1141,1
DA:1142,3
DA:1143,47
DA:1155,61
DA:1156,61
DA:1157,3
DA:1158,4
DA:1159,0
DA:1160,4
DA:1161,5
DA:1162,3
DA:1163,12
DA:1164,21
DA:1165,9
DA:1166,0
DA:1177,13
DA:1192,1
DA:1203,185
DA:1204,185
DA:1214,347
DA:1215,347
DA:1229,3
DA:1230,3
DA:1231,1
DA:1246,12
DA:1254,1
DA:1255,1
DA:1256,1
DA:1257,1
DA:1263,1
DA:1264,305
DA:1265,305
DA:1266,305
DA:1270,1
DA:1271,4
DA:1272,4
DA:1275,4
DA:1276,4
DA:1279,4
DA:1280,4
DA:1283,4
DA:1284,4
DA:1287,4
DA:1288,4
DA:1291,4
DA:1292,4
DA:1295,4
DA:1298,4
DA:1301,4
DA:1302,0
DA:1303,0
DA:1307,4
DA:1308,4
DA:1309,4
DA:1311,4
DA:1323,1
DA:1324,4
DA:1325,0
DA:1326,0
DA:1327,0
DA:1328,4
DA:1339,1
DA:1341,3
DA:1352,1
DA:1354,1
DA:1356,407
DA:1357,407
DA:1361,14
DA:1362,14
DA:1363,14
DA:1364,14
DA:1368,384
DA:1369,192
DA:1370,12
DA:1371,12
DA:1375,192
DA:1378,192
DA:1379,192
DA:1380,192
DA:1385,192
DA:1393,1
DA:1403,1
DA:1409,1
DA:1411,1
DA:1412,157
DA:1413,157
DA:1416,1
DA:1418,12
DA:1419,12
DA:1420,12
DA:1421,12
DA:1422,12
DA:1423,12
DA:1427,12
DA:1428,12
DA:1429,12
DA:1433,12
DA:1434,12
DA:1439,25
DA:1440,25
DA:1444,1
DA:1445,1
DA:1446,1
DA:1447,1
DA:1448,1
DA:1453,14
DA:1454,14
DA:1455,14
DA:1456,14
DA:1457,14
DA:1458,14
DA:1459,14
DA:1460,14
DA:1477,1
DA:1483,1
DA:1485,340
DA:1486,340
DA:1488,1
DA:1489,157
DA:1490,157
DA:1491,157
DA:1492,157
DA:1493,157
DA:1498,157
DA:1499,157
DA:1500,157
DA:1501,157
DA:1502,157
DA:1504,157
DA:1505,157
DA:1507,157
DA:1508,157
DA:1511,1
DA:1514,202
DA:1515,169
DA:1517,169
DA:1518,169
DA:1519,169
DA:1520,169
DA:1521,169
DA:1523,169
DA:1527,169
DA:1528,169
DA:1530,169
DA:1531,169
DA:1532,169
DA:1534,169
DA:1538,170
DA:1539,170
DA:1540,170
DA:1541,170
DA:1545,175
DA:1546,170
DA:1547,170
DA:1548,170
DA:1565,16
DA:1566,16
DA:1568,16
DA:1569,4
DA:1570,4
DA:1571,4
DA:1574,16
DA:1576,16
DA:1578,0
DA:1579,0
DA:1584,180
DA:1585,158
DA:1586,158
DA:1587,158
DA:1591,170
DA:1592,148
DA:1593,148
DA:1594,148
DA:1595,148
DA:1599,173
DA:1600,151
DA:1601,151
DA:1602,151
DA:1606,4
DA:1607,4
DA:1608,4
DA:1609,1
DA:1614,148
DA:1615,148
DA:1616,148
DA:1620,157
DA:1624,314
DA:1625,314
DA:1629,468
DA:1630,468
DA:1631,315
DA:1632,315
DA:1636,314
DA:1640,170
DA:1641,170
DA:1642,170
DA:1643,170
DA:1644,170
DA:1645,170
DA:1646,170
DA:1650,173
DA:1651,173
DA:1652,170
DA:1654,170
DA:1655,170
DA:1656,170
DA:1657,170
DA:1659,170
DA:1663,341
DA:1667,170
DA:1668,170
DA:1669,170
DA:1670,170
DA:1674,4
DA:1675,4
DA:1676,4
DA:1677,1
DA:1682,186
DA:1683,185
DA:1684,185
DA:1685,185
DA:1686,185
DA:1690,0
DA:1691,0
DA:1695,6
DA:1696,6
DA:1697,6
DA:1698,6
DA:1700,6
DA:1701,6
DA:1702,6
DA:1704,6
DA:1705,6
DA:1706,1
DA:1707,1
DA:1712,1
DA:1713,1
DA:1714,1
DA:1715,1
DA:1719,0
DA:1720,0
DA:1721,0
DA:1722,0
DA:1730,1
DA:1731,157
DA:1732,157
DA:1735,1
DA:1736,157
DA:1737,157
DA:1738,157
DA:1749,1
DA:1764,1
DA:1765,124
DA:1766,124
DA:1767,124
DA:1768,124
DA:1769,124
DA:1770,124
DA:1772,124
DA:1773,124
DA:1775,124
DA:1776,1682
DA:1777,1682
DA:1778,1682
DA:1779,1682
DA:1781,1682
DA:1783,1682
DA:1786,1682
DA:1788,1682
DA:1789,0
DA:1790,0
DA:1793,1682
DA:1794,1682
DA:1796,1682
DA:1804,1682
DA:1805,1682
DA:1809,1558
DA:1810,124
DA:1812,124
DA:1830,1
DA:1831,124
DA:1832,124
DA:1833,124
DA:1834,124
DA:1835,124
DA:1837,124
DA:1838,1168
DA:1840,1168
DA:1841,1168
DA:1842,1168
DA:1843,1168
DA:1844,1168
DA:1847,1168
DA:1850,814
DA:1851,814
DA:1853,814
DA:1854,814
DA:1856,814
DA:1864,814
DA:1868,1574
DA:1870,124
DA:1887,1
DA:1888,1682
DA:1900,1
DA:1901,9010
DA:1902,2496
DA:1903,2496
DA:1913,1
DA:1914,1
DA:1915,1
DA:1916,1
DA:1917,1
DA:1918,1
DA:1919,1
DA:1926,1
DA:1933,281
DA:1934,281
DA:1936,1
DA:1938,125
DA:1939,1
DA:1940,1
DA:1948,157
DA:1949,157
DA:1957,1
DA:1958,1
DA:1960,1
DA:1961,125
DA:1962,125
DA:1963,125
DA:1964,125
DA:1965,125
DA:1966,125
DA:1967,125
DA:1968,125
DA:1971,1
DA:1984,125
DA:1985,125
DA:1987,124
DA:1988,124
DA:1990,124
DA:1991,124
DA:1993,124
DA:1994,124
DA:1995,124
DA:1997,124
DA:1998,124
DA:2000,124
DA:2001,124
DA:2006,41
DA:2007,38
DA:2009,37
DA:2010,37
DA:2012,37
DA:2013,4
DA:2014,4
DA:2017,33
DA:2019,33
DA:2020,33
DA:2021,33
DA:2022,33
DA:2040,157
DA:2041,157
DA:2043,157
DA:2044,157
DA:2045,157
DA:2046,157
DA:2048,157
DA:2049,157
DA:2050,157
DA:2064,129
DA:2065,129
DA:2067,129
DA:2068,129
DA:2070,5
DA:2071,5
DA:2073,5
DA:2074,1
DA:2075,1
DA:2076,1
DA:2080,4
DA:2081,4
DA:2082,4
DA:2083,4
DA:2087,4
DA:2103,124
DA:2104,124
DA:2105,124
DA:2106,124
DA:2122,157
DA:2123,157
DA:2124,157
DA:2125,157
DA:2126,157
DA:2127,157
DA:2128,157
DA:2146,157
DA:2147,157
DA:2148,157
DA:2164,124
DA:2165,124
DA:2166,124
DA:2188,124
DA:2189,124
DA:2190,124
DA:2199,4
DA:2201,4
DA:2202,4
DA:2203,4
DA:2204,4
DA:2205,4
DA:2208,4
DA:2217,3
DA:2219,3
DA:2220,3
DA:2221,3
DA:2222,3
DA:2223,3
DA:2226,3
DA:2236,17
DA:2237,17
DA:2252,161
DA:2256,161
DA:2265,8
DA:2266,8
DA:2267,7
DA:2268,7
DA:2269,7
DA:2270,7
DA:2275,165
DA:2279,157
DA:2280,157
DA:2281,157
DA:2282,3
DA:2286,9
DA:2288,9
DA:2289,9
DA:2290,8
DA:2291,8
DA:2292,8
DA:2306,7
DA:2307,7
DA:2321,19
DA:2330,2
DA:2331,1
DA:2339,5
DA:2348,0
DA:2349,0
DA:2360,3
DA:2362,3
DA:2363,3
DA:2364,2
DA:2365,1
DA:2376,2
DA:2377,2
DA:2378,2
DA:2387,1
DA:2388,1
DA:2398,170
DA:2403,510
DA:2404,510
DA:2405,510
DA:2420,37
DA:2424,55
DA:2437,13
DA:2438,12
DA:2440,12
DA:2450,12
DA:2451,12
DA:2452,12
DA:2454,12
DA:2455,12
DA:2456,12
DA:2467,16
DA:2469,16
DA:2470,15
DA:2471,14
DA:2473,14
DA:2474,14
DA:2475,14
DA:2478,14
DA:2480,14
DA:2493,14
DA:2494,1
DA:2496,14
DA:2497,14
DA:2500,14
DA:2501,14
DA:2506,127
DA:2507,127
DA:2508,13
DA:2512,1
DA:2513,1
DA:2517,4
DA:2519,4
DA:2520,4
DA:2525,2
DA:2526,2
DA:2530,9
DA:2531,7
DA:2532,7
DA:2536,7
DA:2538,7
DA:2543,7
DA:2544,7
DA:2545,7
DA:2550,7
DA:2551,7
DA:2552,7
DA:2554,7
DA:2558,125
DA:2561,125
DA:2564,125
DA:2566,124
DA:2567,124
DA:2569,124
DA:2570,124
DA:2572,124
DA:2573,124
DA:2574,124
DA:2575,124
DA:2576,124
DA:2580,0
DA:2586,58
DA:2588,58
DA:2589,58
DA:2590,4
DA:2591,6
DA:2592,1
DA:2593,7
DA:2594,2
DA:2595,0
DA:2596,2
DA:2597,36
DA:2609,407
DA:2610,407
DA:2620,14
DA:2621,14
DA:2632,285
DA:2634,4
DA:2638,285
DA:2643,138
DA:2644,138
DA:2646,137
DA:2647,137
DA:2649,137
DA:2650,137
DA:2651,137
DA:2654,137
DA:2658,61
DA:2660,61
DA:2661,7
DA:2662,7
DA:2663,7
DA:2666,54
DA:2670,54
DA:2671,53
DA:2673,51
DA:2674,51
DA:2675,51
DA:2677,3
DA:2678,3
DA:2679,3
DA:2683,51
DA:2684,51
DA:2693,1
DA:2694,12
DA:2695,12
DA:2696,12
DA:2707,1
DA:2709,6
DA:2724,1
DA:2726,1
DA:2741,1
DA:2742,157
DA:2743,157
DA:2746,157
DA:2747,1256
DA:2748,1256
DA:2751,157
DA:2752,0
DA:2755,0
DA:2759,157
DA:2760,153
DA:2764,157
DA:2765,310
DA:2766,310
DA:2770,157
DA:2777,1
DA:2778,310
DA:2790,48
DA:2797,1
DA:2803,1
DA:2805,1
DA:2806,12
DA:2811,12
DA:2812,12
DA:2813,12
DA:2814,12
DA:2815,12
DA:2816,12
DA:2817,12
DA:2818,12
DA:2820,12
DA:2823,1
DA:2832,12
DA:2840,12
DA:2841,12
DA:2845,12
DA:2856,12
DA:2857,12
DA:2859,12
DA:2861,12
DA:2862,12
DA:2866,12
DA:2867,12
DA:2868,12
DA:2869,12
DA:2882,1
DA:2890,1
DA:2898,1
DA:2906,1
DA:2912,1
DA:2914,1
DA:2915,14
DA:2917,14
DA:2923,14
DA:2924,14
DA:2925,14
DA:2926,14
DA:2927,14
DA:2928,14
DA:2930,14
DA:2936,14
DA:2937,14
DA:2939,14
DA:2940,14
DA:2943,1
DA:2945,14
DA:2952,0
DA:2956,43
DA:2957,43
DA:2958,29
DA:2959,14
DA:2964,29
DA:2965,29
DA:2967,29
DA:2968,14
DA:2969,14
DA:2972,0
DA:2977,1
DA:2978,1
DA:2983,14
DA:2984,14
DA:2988,1
DA:2989,1
DA:2990,1
DA:2994,14
DA:2995,14
DA:2996,13
DA:2998,13
DA:2999,13
DA:3000,13
DA:3001,13
DA:3002,13
DA:3005,0
DA:3009,14
DA:3011,14
DA:3012,14
DA:3013,14
DA:3015,14
DA:3016,14
DA:3027,14
DA:3028,14
DA:3029,14
DA:3030,14
DA:3031,14
DA:3039,1
DA:3040,14
DA:3041,14
DA:3042,14
DA:3054,1
DA:3060,1
DA:3062,1
DA:3063,99
DA:3065,99
DA:3066,99
DA:3068,99
DA:3078,1
DA:3082,161
DA:3083,161
DA:3084,161
DA:3085,161
DA:3089,161
DA:3090,161
DA:3091,161
DA:3092,161
DA:3093,161
DA:3094,161
DA:3099,161
DA:3100,0
DA:3101,0
DA:3104,161
DA:3105,161
DA:3110,161
DA:3113,161
DA:3114,161
DA:3116,161
DA:3117,161
DA:3118,161
DA:3123,161
DA:3124,161
DA:3125,161
DA:3128,161
DA:3132,161
DA:3133,161
DA:3137,347
DA:3138,347
DA:3139,248
DA:3140,248
DA:3141,248
DA:3142,248
DA:3146,10
DA:3147,10
DA:3148,10
DA:3149,10
DA:3151,10
DA:3152,8
DA:3153,8
DA:3155,8
DA:3156,8
DA:3157,8
DA:3158,8
DA:3166,14
DA:3167,14
DA:3168,14
DA:3169,14
DA:3170,14
DA:3171,14
DA:3172,14
DA:3173,14
DA:3174,14
DA:3175,14
DA:3176,14
DA:3177,14
DA:3178,14
DA:3180,14
DA:3188,2035
DA:3189,2035
DA:3193,185
DA:3194,185
DA:3195,185
DA:3199,185
DA:3200,4
DA:3201,4
DA:3203,4
DA:3204,4
DA:3205,4
DA:3207,4
DA:3211,4
DA:3215,166
DA:3216,166
DA:3217,166
DA:3218,157
DA:3220,157
DA:3221,157
DA:3222,157
DA:3224,157
DA:3225,157
DA:3227,157
DA:3228,54
DA:3229,166
DA:3233,164
DA:3234,164
DA:3235,164
DA:3237,155
DA:3238,155
DA:3239,155
DA:3241,155
DA:3242,155
DA:3244,155
DA:3245,155
DA:3246,164
DA:3250,161
DA:3251,161
DA:3252,161
DA:3254,161
DA:3255,805
DA:3257,805
DA:3258,805
DA:3259,805
DA:3260,805
DA:3261,805
DA:3263,805
DA:3264,805
DA:3267,161
DA:3271,99
DA:3272,99
DA:3273,99
DA:3274,99
DA:3275,99
DA:3276,99
DA:3277,99
DA:3281,310
DA:3282,161
DA:3286,161
DA:3287,161
DA:3288,161
DA:3292,161
DA:3293,0
DA:3300,161
DA:3310,161
DA:3316,161
DA:3322,0
DA:3323,0
DA:3333,1
DA:3335,0
DA:3336,0
DA:3337,0
DA:3341,0
DA:3343,0
DA:3344,0
DA:3346,0
DA:3354,161
DA:3355,161
DA:3359,161
DA:3361,161
DA:3362,161
DA:3364,161
DA:3372,1
DA:3373,209
DA:3374,209
DA:3375,209
DA:3376,209
DA:3377,209
LF:1139
LH:1052
BRDA:1,1,0,0
BRDA:1,1,1,1
BRDA:1,2,0,1
BRDA:1,2,1,0
BRDA:1,3,0,0
BRDA:1,3,1,1
BRDA:1,4,0,1
BRDA:1,4,1,0
BRDA:1,5,0,1
BRDA:1,5,1,0
BRDA:1,6,0,0
BRDA:1,6,1,0
BRDA:1,7,0,0
BRDA:1,7,1,0
BRDA:1,8,0,11
BRDA:1,8,1,1
BRDA:1,9,0,0
BRDA:1,9,1,11
BRDA:1,10,0,0
BRDA:1,10,1,0
BRDA:1,11,0,0
BRDA:1,11,1,0
BRDA:1,12,0,0
BRDA:1,12,1,0
BRDA:1,13,0,0
BRDA:1,13,1,0
BRDA:1,14,0,10
BRDA:1,14,1,0
BRDA:1,15,0,1
BRDA:1,15,1,0
BRDA:24,16,0,1
BRDA:24,16,1,0
BRDA:29,17,0,1
BRDA:29,17,1,0
BRDA:36,18,0,1
BRDA:36,18,1,0
BRDA:39,19,0,0
BRDA:39,19,1,1
BRDA:39,20,0,1
BRDA:39,20,1,0
BRDA:49,21,0,1
BRDA:49,21,1,0
BRDA:60,22,0,1
BRDA:60,22,1,0
BRDA:76,23,0,0
BRDA:76,23,1,0
BRDA:91,24,0,0
BRDA:91,24,1,99
BRDA:117,25,0,0
BRDA:117,25,1,0
BRDA:117,26,0,0
BRDA:117,26,1,0
BRDA:122,27,0,0
BRDA:122,27,1,99
BRDA:130,28,0,0
BRDA:130,28,1,99
BRDA:143,29,0,0
BRDA:143,29,1,99
BRDA:146,30,0,0
BRDA:146,30,1,99
BRDA:185,31,0,0
BRDA:185,31,1,0
BRDA:196,32,0,0
BRDA:196,32,1,0
BRDA:221,33,0,1
BRDA:221,33,1,0
BRDA:222,34,0,0
BRDA:222,34,1,0
BRDA:223,35,0,0
BRDA:223,35,1,0
BRDA:279,36,0,1
BRDA:279,36,1,0
BRDA:283,37,0,0
BRDA:283,37,1,1
BRDA:318,38,0,0
BRDA:318,38,1,1
BRDA:334,39,0,1
BRDA:334,39,1,0
BRDA:358,40,0,0
BRDA:358,40,1,99
BRDA:361,41,0,99
BRDA:361,41,1,0
BRDA:410,42,0,0
BRDA:410,42,1,0
BRDA:412,43,0,0
BRDA:412,43,1,0
BRDA:428,44,0,0
BRDA:428,44,1,0
BRDA:458,45,0,0
BRDA:458,45,1,1
BRDA:458,46,0,1
BRDA:458,46,1,0
BRDA:459,47,0,1
BRDA:459,47,1,0
BRDA:479,48,0,1
BRDA:479,48,1,0
BRDA:486,49,0,0
BRDA:486,49,1,1
BRDA:580,50,0,0
BRDA:580,50,1,0
BRDA:581,51,0,0
BRDA:581,51,1,0
BRDA:582,52,0,0
BRDA:582,52,1,0
BRDA:729,53,0,0
BRDA:729,53,1,103
BRDA:755,54,0,99
BRDA:755,54,1,103
BRDA:804,55,0,4
BRDA:804,55,1,125
BRDA:807,56,0,0
BRDA:807,56,1,125
BRDA:807,57,0,125
BRDA:807,57,1,22
BRDA:836,58,0,0
BRDA:836,58,1,124
BRDA:855,59,0,0
BRDA:855,59,1,26
BRDA:903,60,0,1
BRDA:903,60,1,34
BRDA:908,61,0,34
BRDA:908,61,1,33
BRDA:920,62,0,1
BRDA:920,62,1,1
BRDA:925,63,0,33
BRDA:925,63,1,32
BRDA:963,64,0,1
BRDA:963,64,1,13
BRDA:980,65,0,1
BRDA:980,65,1,16
BRDA:1027,66,0,4
BRDA:1027,66,1,3
BRDA:1033,67,0,1
BRDA:1033,67,1,3
BRDA:1052,68,0,3
BRDA:1052,68,1,1
BRDA:1058,69,0,2
BRDA:1058,69,1,1
BRDA:1121,70,0,103
BRDA:1121,70,1,125
BRDA:1139,71,0,0
BRDA:1139,71,1,1
BRDA:1139,71,2,3
BRDA:1139,71,3,47
BRDA:1156,72,0,3
BRDA:1156,72,1,4
BRDA:1156,72,2,0
BRDA:1156,72,3,4
BRDA:1156,72,4,5
BRDA:1156,72,5,3
BRDA:1156,72,6,12
BRDA:1156,72,7,21
BRDA:1156,72,8,9
BRDA:1156,72,9,0
BRDA:1230,73,0,2
BRDA:1230,73,1,1
BRDA:1301,74,0,0
BRDA:1301,74,1,4
BRDA:1324,75,0,0
BRDA:1324,75,1,0
BRDA:1324,75,2,0
BRDA:1324,75,3,0
BRDA:1324,75,4,0
BRDA:1324,75,5,4
BRDA:1324,75,6,4
BRDA:1356,76,0,0
BRDA:1356,76,1,407
BRDA:1357,77,0,407
BRDA:1357,77,1,402
BRDA:1368,78,0,192
BRDA:1368,78,1,192
BRDA:1369,79,0,180
BRDA:1369,79,1,12
BRDA:1379,80,0,12
BRDA:1379,80,1,180
BRDA:1403,81,0,0
BRDA:1403,81,1,1
BRDA:1477,82,0,0
BRDA:1477,82,1,1
BRDA:1514,83,0,33
BRDA:1514,83,1,169
BRDA:1527,84,0,0
BRDA:1527,84,1,169
BRDA:1538,85,0,0
BRDA:1538,85,1,170
BRDA:1545,86,0,5
BRDA:1545,86,1,170
BRDA:1565,87,0,0
BRDA:1565,87,1,16
BRDA:1568,88,0,4
BRDA:1568,88,1,12
BRDA:1584,89,0,22
BRDA:1584,89,1,158
BRDA:1591,90,0,22
BRDA:1591,90,1,148
BRDA:1599,91,0,22
BRDA:1599,91,1,151
BRDA:1614,92,0,0
BRDA:1614,92,1,148
BRDA:1620,93,0,157
BRDA:1620,93,1,19
BRDA:1625,94,0,314
BRDA:1625,94,1,276
BRDA:1630,95,0,153
BRDA:1630,95,1,315
BRDA:1640,96,0,0
BRDA:1640,96,1,170
BRDA:1641,97,0,0
BRDA:1641,97,1,170
BRDA:1650,98,0,0
BRDA:1650,98,1,173
BRDA:1651,99,0,3
BRDA:1651,99,1,170
BRDA:1682,100,0,1
BRDA:1682,100,1,185
BRDA:1695,101,0,0
BRDA:1695,101,1,6
BRDA:1700,102,0,6
BRDA:1700,102,1,0
BRDA:1719,103,0,0
BRDA:1719,103,1,0
BRDA:1738,104,0,157
BRDA:1738,104,1,0
BRDA:1749,105,0,0
BRDA:1749,105,1,1
BRDA:1766,106,0,124
BRDA:1766,106,1,0
BRDA:1767,107,0,124
BRDA:1767,107,1,0
BRDA:1767,107,2,124
BRDA:1768,108,0,124
BRDA:1768,108,1,0
BRDA:1772,109,0,124
BRDA:1772,109,1,124
BRDA:1773,110,0,124
BRDA:1773,110,1,124
BRDA:1781,111,0,0
BRDA:1781,111,1,1682
BRDA:1786,112,0,0
BRDA:1786,112,1,1682
BRDA:1786,113,0,1682
BRDA:1786,113,1,0
BRDA:1788,114,0,0
BRDA:1788,114,1,1682
BRDA:1789,115,0,0
BRDA:1789,115,1,0
BRDA:1789,116,0,0
BRDA:1789,116,1,0
BRDA:1790,117,0,0
BRDA:1790,117,1,0
BRDA:1790,118,0,0
BRDA:1790,118,1,0
BRDA:1793,119,0,0
BRDA:1793,119,1,1682
BRDA:1794,120,0,0
BRDA:1794,120,1,1682
BRDA:1838,121,0,0
BRDA:1838,121,1,1168
BRDA:1847,122,0,354
BRDA:1847,122,1,814
BRDA:1850,123,0,0
BRDA:1850,123,1,814
BRDA:1901,124,0,2496
BRDA:1901,124,1,6514
BRDA:1926,125,0,0
BRDA:1926,125,1,1
BRDA:1938,126,0,124
BRDA:1938,126,1,1
BRDA:1948,127,0,0
BRDA:1948,127,1,157
BRDA:2007,128,0,1
BRDA:2007,128,1,37
BRDA:2012,129,0,4
BRDA:2012,129,1,33
BRDA:2073,130,0,1
BRDA:2073,130,1,4
BRDA:2125,131,0,157
BRDA:2125,131,1,0
BRDA:2148,132,0,157
BRDA:2148,132,1,0
BRDA:2202,133,0,0
BRDA:2202,133,1,4
BRDA:2220,134,0,0
BRDA:2220,134,1,3
BRDA:2252,135,0,157
BRDA:2252,135,1,4
BRDA:2266,136,0,1
BRDA:2266,136,1,7
BRDA:2281,137,0,154
BRDA:2281,137,1,3
BRDA:2289,138,0,1
BRDA:2289,138,1,8
BRDA:2307,139,0,1
BRDA:2307,139,1,6
BRDA:2330,140,0,1
BRDA:2330,140,1,1
BRDA:2348,141,0,0
BRDA:2348,141,1,0
BRDA:2349,142,0,0
BRDA:2349,142,1,0
BRDA:2362,143,0,0
BRDA:2362,143,1,3
BRDA:2363,144,0,2
BRDA:2363,144,1,1
BRDA:2403,145,0,510
BRDA:2403,145,1,473
BRDA:2404,146,0,246
BRDA:2404,146,1,264
BRDA:2424,147,0,55
BRDA:2424,147,1,55
BRDA:2469,148,0,1
BRDA:2469,148,1,15
BRDA:2470,149,0,1
BRDA:2470,149,1,14
BRDA:2478,150,0,2
BRDA:2478,150,1,12
BRDA:2507,151,0,114
BRDA:2507,151,1,13
BRDA:2564,152,0,1
BRDA:2564,152,1,124
BRDA:2589,153,0,4
BRDA:2589,153,1,6
BRDA:2589,153,2,1
BRDA:2589,153,3,7
BRDA:2589,153,4,2
BRDA:2589,153,5,0
BRDA:2589,153,6,2
BRDA:2589,153,7,36
BRDA:2597,154,0,36
BRDA:2597,154,1,26
BRDA:2638,155,0,1
BRDA:2638,155,1,284
BRDA:2644,156,0,1
BRDA:2644,156,1,137
BRDA:2660,157,0,7
BRDA:2660,157,1,54
BRDA:2666,158,0,3
BRDA:2666,158,1,51
BRDA:2675,159,0,48
BRDA:2675,159,1,3
BRDA:2724,160,0,0
BRDA:2724,160,1,1
BRDA:2751,161,0,0
BRDA:2751,161,1,157
BRDA:2766,162,0,0
BRDA:2766,162,1,310
BRDA:2778,163,0,310
BRDA:2778,163,1,310
BRDA:2778,163,2,0
BRDA:2778,163,3,0
BRDA:2790,164,0,1
BRDA:2790,164,1,0
BRDA:2840,165,0,1
BRDA:2840,165,1,11
BRDA:2845,166,0,3
BRDA:2845,166,1,9
BRDA:2882,167,0,0
BRDA:2882,167,1,1
BRDA:2923,168,0,14
BRDA:2923,168,1,0
BRDA:2957,169,0,29
BRDA:2957,169,1,14
BRDA:2967,170,0,14
BRDA:2967,170,1,14
BRDA:2967,170,2,0
BRDA:2967,170,3,1
BRDA:2967,170,4,1
BRDA:2967,170,5,1
BRDA:2967,170,6,1
BRDA:2995,171,0,1
BRDA:2995,171,1,13
BRDA:3011,172,0,0
BRDA:3011,172,1,14
BRDA:3013,173,0,14
BRDA:3013,173,1,13
BRDA:3028,174,0,0
BRDA:3028,174,1,14
BRDA:3054,175,0,0
BRDA:3054,175,1,1
BRDA:3099,176,0,0
BRDA:3099,176,1,161
BRDA:3117,177,0,22
BRDA:3117,177,1,139
BRDA:3128,178,0,0
BRDA:3128,178,1,161
BRDA:3138,179,0,99
BRDA:3138,179,1,248
BRDA:3169,180,0,14
BRDA:3169,180,1,0
BRDA:3170,181,0,14
BRDA:3170,181,1,0
BRDA:3199,182,0,181
BRDA:3199,182,1,4
BRDA:3200,183,0,0
BRDA:3200,183,1,4
BRDA:3217,184,0,9
BRDA:3217,184,1,157
BRDA:3220,185,0,157
BRDA:3220,185,1,103
BRDA:3221,186,0,103
BRDA:3221,186,1,54
BRDA:3227,187,0,103
BRDA:3227,187,1,54
BRDA:3235,188,0,9
BRDA:3235,188,1,155
BRDA:3237,189,0,155
BRDA:3237,189,1,0
BRDA:3238,190,0,0
BRDA:3238,190,1,155
BRDA:3244,191,0,0
BRDA:3244,191,1,155
BRDA:3292,192,0,0
BRDA:3292,192,1,161
BRDA:3310,193,0,0
BRDA:3310,193,1,161
BRDA:3316,194,0,0
BRDA:3316,194,1,161
BRDA:3323,195,0,0
BRDA:3323,195,1,0
BRDA:3325,196,0,0
BRDA:3325,196,1,0
BRF:421
BRH:264
end_of_record
